<?xml version="1.0" encoding="UTF-8"?>
<!-- Generated by org.testng.reporters.JUnitReportReporter -->
<testsuite skipped="0" hostname="Ayzhamals-MacBook-Pro.local" name="runners.CukesRunner" tests="1" failures="0" timestamp="14 Apr 2018 23:48:47 GMT" time="6.268" errors="0">
  <testcase name="runScenario" time="6.268" classname="runners.CukesRunner"/>
</testsuite> <!-- runners.CukesRunner -->
