<?xml version="1.0" encoding="UTF-8"?>
<!-- Generated by org.testng.reporters.JUnitReportReporter -->
<testsuite skipped="0" hostname="DESKTOP-BNBHHR8" name="runners.CukesRunner" tests="1" failures="0" timestamp="15 Apr 2018 22:33:44 GMT" time="19.943" errors="0">
  <testcase name="runScenario" time="19.943" classname="runners.CukesRunner"/>
</testsuite> <!-- runners.CukesRunner -->
