<?xml version="1.0" encoding="UTF-8"?>
<!-- Generated by org.testng.reporters.JUnitReportReporter -->
<testsuite skipped="0" hostname="Nuraks-MacBook-Pro-2.local" name="runners.CukesRunner" tests="1" failures="0" timestamp="15 Apr 2018 22:15:29 GMT" time="12.004" errors="0">
  <testcase name="runScenario" time="12.004" classname="runners.CukesRunner"/>
</testsuite> <!-- runners.CukesRunner -->
