<?xml version="1.0" encoding="UTF-8"?>
<!-- Generated by org.testng.reporters.JUnitReportReporter -->
<testsuite skipped="0" hostname="DESKTOP-BNBHHR8" name="runners.CukesRunner" tests="1" failures="0" timestamp="09 Apr 2018 21:57:40 GMT" time="11.708" errors="0">
  <testcase name="runScenario" time="11.708" classname="runners.CukesRunner"/>
</testsuite> <!-- runners.CukesRunner -->
