<?xml version="1.0" encoding="UTF-8"?>
<!-- Generated by org.testng.reporters.JUnitReportReporter -->
<testsuite skipped="0" hostname="Arzuvs-MacBook-Pro.local" name="runners.CukesRunner" tests="1" failures="0" timestamp="10 Apr 2018 22:38:58 GMT" time="5.352" errors="0">
  <testcase name="runScenario" time="5.352" classname="runners.CukesRunner"/>
</testsuite> <!-- runners.CukesRunner -->
